<?xml version="1.0" encoding="UTF-8"?>
<!-- Generated by org.testng.reporters.JUnitReportReporter -->
<testsuite name="com.test.automation1.uiAutomation1.VerifyTitle" tests="1" time="16.726" ignored="0" failures="0" timestamp="27 Jan 2018 07:40:02 GMT" skipped="0" hostname="CSCINDAH503788" errors="0">
  <testcase name="test123" time="16.726" classname="com.test.automation1.uiAutomation1.VerifyTitle"/>
</testsuite> <!-- com.test.automation1.uiAutomation1.VerifyTitle -->
